  316166496_ProyectoFinal_Gpo8.cpp
C:\Users\SPARTAN PC\Documents\FI\Semestre 8\Computacion Grafica\ProyectoFinal\316166496_ProyectoFinal_Gpo8\ProyectoFinal\ProyectoFinal\modelAnim.h(104,44): warning C4244: '=': conversión de 'double' a 'float'; posible pérdida de datos
C:\Users\SPARTAN PC\Documents\FI\Semestre 8\Computacion Grafica\ProyectoFinal\316166496_ProyectoFinal_Gpo8\ProyectoFinal\ProyectoFinal\modelAnim.h(519,24): warning C4244: 'inicializando': conversión de 'double' a 'float'; posible pérdida de datos
C:\Users\SPARTAN PC\Documents\FI\Semestre 8\Computacion Grafica\ProyectoFinal\316166496_ProyectoFinal_Gpo8\ProyectoFinal\ProyectoFinal\316166496_ProyectoFinal_Gpo8.cpp(489,24): warning C4244: 'inicializando': conversión de 'double' a 'GLfloat'; posible pérdida de datos
C:\Users\SPARTAN PC\Documents\FI\Semestre 8\Computacion Grafica\ProyectoFinal\316166496_ProyectoFinal_Gpo8\ProyectoFinal\ProyectoFinal\316166496_ProyectoFinal_Gpo8.cpp(655,41): warning C4305: 'argumento': truncamiento de 'double' a 'T'
          with
          [
              T=float
          ]
C:\Users\SPARTAN PC\Documents\FI\Semestre 8\Computacion Grafica\ProyectoFinal\316166496_ProyectoFinal_Gpo8\ProyectoFinal\ProyectoFinal\316166496_ProyectoFinal_Gpo8.cpp(665,41): warning C4305: 'argumento': truncamiento de 'double' a 'T'
          with
          [
              T=float
          ]
C:\Users\SPARTAN PC\Documents\FI\Semestre 8\Computacion Grafica\ProyectoFinal\316166496_ProyectoFinal_Gpo8\ProyectoFinal\ProyectoFinal\316166496_ProyectoFinal_Gpo8.cpp(675,41): warning C4305: 'argumento': truncamiento de 'double' a 'T'
          with
          [
              T=float
          ]
C:\Users\SPARTAN PC\Documents\FI\Semestre 8\Computacion Grafica\ProyectoFinal\316166496_ProyectoFinal_Gpo8\ProyectoFinal\ProyectoFinal\316166496_ProyectoFinal_Gpo8.cpp(707,42): warning C4305: 'argumento': truncamiento de 'double' a 'T'
          with
          [
              T=float
          ]
C:\Users\SPARTAN PC\Documents\FI\Semestre 8\Computacion Grafica\ProyectoFinal\316166496_ProyectoFinal_Gpo8\ProyectoFinal\ProyectoFinal\316166496_ProyectoFinal_Gpo8.cpp(716,42): warning C4305: 'argumento': truncamiento de 'double' a 'T'
          with
          [
              T=float
          ]
C:\Users\SPARTAN PC\Documents\FI\Semestre 8\Computacion Grafica\ProyectoFinal\316166496_ProyectoFinal_Gpo8\ProyectoFinal\ProyectoFinal\316166496_ProyectoFinal_Gpo8.cpp(725,42): warning C4305: 'argumento': truncamiento de 'double' a 'T'
          with
          [
              T=float
          ]
C:\Users\SPARTAN PC\Documents\FI\Semestre 8\Computacion Grafica\ProyectoFinal\316166496_ProyectoFinal_Gpo8\ProyectoFinal\ProyectoFinal\316166496_ProyectoFinal_Gpo8.cpp(734,42): warning C4305: 'argumento': truncamiento de 'double' a 'T'
          with
          [
              T=float
          ]
C:\Users\SPARTAN PC\Documents\FI\Semestre 8\Computacion Grafica\ProyectoFinal\316166496_ProyectoFinal_Gpo8\ProyectoFinal\ProyectoFinal\316166496_ProyectoFinal_Gpo8.cpp(743,42): warning C4305: 'argumento': truncamiento de 'double' a 'T'
          with
          [
              T=float
          ]
C:\Users\SPARTAN PC\Documents\FI\Semestre 8\Computacion Grafica\ProyectoFinal\316166496_ProyectoFinal_Gpo8\ProyectoFinal\ProyectoFinal\316166496_ProyectoFinal_Gpo8.cpp(754,42): warning C4305: 'argumento': truncamiento de 'double' a 'T'
          with
          [
              T=float
          ]
C:\Users\SPARTAN PC\Documents\FI\Semestre 8\Computacion Grafica\ProyectoFinal\316166496_ProyectoFinal_Gpo8\ProyectoFinal\ProyectoFinal\316166496_ProyectoFinal_Gpo8.cpp(773,42): warning C4305: 'argumento': truncamiento de 'double' a 'T'
          with
          [
              T=float
          ]
C:\Users\SPARTAN PC\Documents\FI\Semestre 8\Computacion Grafica\ProyectoFinal\316166496_ProyectoFinal_Gpo8\ProyectoFinal\ProyectoFinal\316166496_ProyectoFinal_Gpo8.cpp(783,42): warning C4305: 'argumento': truncamiento de 'double' a 'T'
          with
          [
              T=float
          ]
C:\Users\SPARTAN PC\Documents\FI\Semestre 8\Computacion Grafica\ProyectoFinal\316166496_ProyectoFinal_Gpo8\ProyectoFinal\ProyectoFinal\316166496_ProyectoFinal_Gpo8.cpp(803,41): warning C4305: 'argumento': truncamiento de 'double' a 'T'
          with
          [
              T=float
          ]
C:\Users\SPARTAN PC\Documents\FI\Semestre 8\Computacion Grafica\ProyectoFinal\316166496_ProyectoFinal_Gpo8\ProyectoFinal\ProyectoFinal\316166496_ProyectoFinal_Gpo8.cpp(814,42): warning C4305: 'argumento': truncamiento de 'double' a 'T'
          with
          [
              T=float
          ]
C:\Users\SPARTAN PC\Documents\FI\Semestre 8\Computacion Grafica\ProyectoFinal\316166496_ProyectoFinal_Gpo8\ProyectoFinal\ProyectoFinal\316166496_ProyectoFinal_Gpo8.cpp(1425,11): warning C4244: '=': conversión de 'double' a 'GLfloat'; posible pérdida de datos
C:\Users\SPARTAN PC\Documents\FI\Semestre 8\Computacion Grafica\ProyectoFinal\316166496_ProyectoFinal_Gpo8\ProyectoFinal\ProyectoFinal\316166496_ProyectoFinal_Gpo8.cpp(1426,11): warning C4244: '=': conversión de 'double' a 'GLfloat'; posible pérdida de datos
C:\Users\SPARTAN PC\Documents\FI\Semestre 8\Computacion Grafica\ProyectoFinal\316166496_ProyectoFinal_Gpo8\ProyectoFinal\ProyectoFinal\316166496_ProyectoFinal_Gpo8.cpp(1430,18): warning C4244: 'inicializando': conversión de 'double' a 'GLfloat'; posible pérdida de datos
C:\Users\SPARTAN PC\Documents\FI\Semestre 8\Computacion Grafica\ProyectoFinal\316166496_ProyectoFinal_Gpo8\ProyectoFinal\ProyectoFinal\316166496_ProyectoFinal_Gpo8.cpp(1431,18): warning C4244: 'inicializando': conversión de 'double' a 'GLfloat'; posible pérdida de datos
C:\Users\SPARTAN PC\Documents\FI\Semestre 8\Computacion Grafica\ProyectoFinal\316166496_ProyectoFinal_Gpo8\ProyectoFinal\ProyectoFinal\316166496_ProyectoFinal_Gpo8.cpp(1433,10): warning C4244: '=': conversión de 'double' a 'GLfloat'; posible pérdida de datos
C:\Users\SPARTAN PC\Documents\FI\Semestre 8\Computacion Grafica\ProyectoFinal\316166496_ProyectoFinal_Gpo8\ProyectoFinal\ProyectoFinal\316166496_ProyectoFinal_Gpo8.cpp(1434,10): warning C4244: '=': conversión de 'double' a 'GLfloat'; posible pérdida de datos
soil2-debug.lib(SOIL2.obj) : warning LNK4075: se omite '/EDITANDCONTINUE' debido a la especificación '/OPT:ICF'
LINK : warning LNK4098: la biblioteca predeterminada'MSVCRTD' entra en conflicto con otras bibliotecas; use la biblioteca /NODEFAULTLIB:biblioteca
  Generando código
  Previous IPDB and IOBJ mismatch, fall back to full compilation.
  All 696 functions were compiled because no usable IPDB/IOBJ from previous compilation was found.
  Generación de código finalizada
soil2-debug.lib(etc1_utils.obj) : warning LNK4099: no se encontró PDB '' con 'soil2-debug.lib(etc1_utils.obj)' o en ''; se vinculará el objeto sin tener en cuenta información de depuración
soil2-debug.lib(image_DXT.obj) : warning LNK4099: no se encontró PDB 'soil2-debug.pdb' con 'soil2-debug.lib(image_DXT.obj)' o en 'C:\Users\SPARTAN PC\Documents\FI\Semestre 8\Computacion Grafica\ProyectoFinal\316166496_ProyectoFinal_Gpo8\ProyectoFinal\Release\soil2-debug.pdb'; se vinculará el objeto sin tener en cuenta información de depuración
soil2-debug.lib(image_helper.obj) : warning LNK4099: no se encontró PDB '' con 'soil2-debug.lib(image_helper.obj)' o en ''; se vinculará el objeto sin tener en cuenta información de depuración
soil2-debug.lib(SOIL2.obj) : warning LNK4099: no se encontró PDB 'soil2-debug.pdb' con 'soil2-debug.lib(SOIL2.obj)' o en 'C:\Users\SPARTAN PC\Documents\FI\Semestre 8\Computacion Grafica\ProyectoFinal\316166496_ProyectoFinal_Gpo8\ProyectoFinal\Release\soil2-debug.pdb'; se vinculará el objeto sin tener en cuenta información de depuración
  ProyectoFinal.vcxproj -> C:\Users\SPARTAN PC\Documents\FI\Semestre 8\Computacion Grafica\ProyectoFinal\316166496_ProyectoFinal_Gpo8\ProyectoFinal\Release\ProyectoFinal.exe
