  316166496_ProyectoFinal_Gpo8.cpp
C:\Users\SPARTAN PC\Documents\FI\Semestre 8\Computacion Grafica\ProyectoFinal\316166496_ProyectoFinal_Gpo8\ProyectoFinal\ProyectoFinal\modelAnim.h(104,44): warning C4244: '=': conversión de 'double' a 'float'; posible pérdida de datos
C:\Users\SPARTAN PC\Documents\FI\Semestre 8\Computacion Grafica\ProyectoFinal\316166496_ProyectoFinal_Gpo8\ProyectoFinal\ProyectoFinal\modelAnim.h(519,24): warning C4244: 'inicializando': conversión de 'double' a 'float'; posible pérdida de datos
C:\Users\SPARTAN PC\Documents\FI\Semestre 8\Computacion Grafica\ProyectoFinal\316166496_ProyectoFinal_Gpo8\ProyectoFinal\ProyectoFinal\316166496_ProyectoFinal_Gpo8.cpp(471,24): warning C4244: 'inicializando': conversión de 'double' a 'GLfloat'; posible pérdida de datos
C:\Users\SPARTAN PC\Documents\FI\Semestre 8\Computacion Grafica\ProyectoFinal\316166496_ProyectoFinal_Gpo8\ProyectoFinal\ProyectoFinal\316166496_ProyectoFinal_Gpo8.cpp(637,41): warning C4305: 'argumento': truncamiento de 'double' a 'T'
          with
          [
              T=float
          ]
C:\Users\SPARTAN PC\Documents\FI\Semestre 8\Computacion Grafica\ProyectoFinal\316166496_ProyectoFinal_Gpo8\ProyectoFinal\ProyectoFinal\316166496_ProyectoFinal_Gpo8.cpp(647,41): warning C4305: 'argumento': truncamiento de 'double' a 'T'
          with
          [
              T=float
          ]
C:\Users\SPARTAN PC\Documents\FI\Semestre 8\Computacion Grafica\ProyectoFinal\316166496_ProyectoFinal_Gpo8\ProyectoFinal\ProyectoFinal\316166496_ProyectoFinal_Gpo8.cpp(657,41): warning C4305: 'argumento': truncamiento de 'double' a 'T'
          with
          [
              T=float
          ]
C:\Users\SPARTAN PC\Documents\FI\Semestre 8\Computacion Grafica\ProyectoFinal\316166496_ProyectoFinal_Gpo8\ProyectoFinal\ProyectoFinal\316166496_ProyectoFinal_Gpo8.cpp(689,42): warning C4305: 'argumento': truncamiento de 'double' a 'T'
          with
          [
              T=float
          ]
C:\Users\SPARTAN PC\Documents\FI\Semestre 8\Computacion Grafica\ProyectoFinal\316166496_ProyectoFinal_Gpo8\ProyectoFinal\ProyectoFinal\316166496_ProyectoFinal_Gpo8.cpp(698,42): warning C4305: 'argumento': truncamiento de 'double' a 'T'
          with
          [
              T=float
          ]
C:\Users\SPARTAN PC\Documents\FI\Semestre 8\Computacion Grafica\ProyectoFinal\316166496_ProyectoFinal_Gpo8\ProyectoFinal\ProyectoFinal\316166496_ProyectoFinal_Gpo8.cpp(707,42): warning C4305: 'argumento': truncamiento de 'double' a 'T'
          with
          [
              T=float
          ]
C:\Users\SPARTAN PC\Documents\FI\Semestre 8\Computacion Grafica\ProyectoFinal\316166496_ProyectoFinal_Gpo8\ProyectoFinal\ProyectoFinal\316166496_ProyectoFinal_Gpo8.cpp(716,42): warning C4305: 'argumento': truncamiento de 'double' a 'T'
          with
          [
              T=float
          ]
C:\Users\SPARTAN PC\Documents\FI\Semestre 8\Computacion Grafica\ProyectoFinal\316166496_ProyectoFinal_Gpo8\ProyectoFinal\ProyectoFinal\316166496_ProyectoFinal_Gpo8.cpp(725,42): warning C4305: 'argumento': truncamiento de 'double' a 'T'
          with
          [
              T=float
          ]
C:\Users\SPARTAN PC\Documents\FI\Semestre 8\Computacion Grafica\ProyectoFinal\316166496_ProyectoFinal_Gpo8\ProyectoFinal\ProyectoFinal\316166496_ProyectoFinal_Gpo8.cpp(736,42): warning C4305: 'argumento': truncamiento de 'double' a 'T'
          with
          [
              T=float
          ]
C:\Users\SPARTAN PC\Documents\FI\Semestre 8\Computacion Grafica\ProyectoFinal\316166496_ProyectoFinal_Gpo8\ProyectoFinal\ProyectoFinal\316166496_ProyectoFinal_Gpo8.cpp(755,42): warning C4305: 'argumento': truncamiento de 'double' a 'T'
          with
          [
              T=float
          ]
C:\Users\SPARTAN PC\Documents\FI\Semestre 8\Computacion Grafica\ProyectoFinal\316166496_ProyectoFinal_Gpo8\ProyectoFinal\ProyectoFinal\316166496_ProyectoFinal_Gpo8.cpp(765,42): warning C4305: 'argumento': truncamiento de 'double' a 'T'
          with
          [
              T=float
          ]
C:\Users\SPARTAN PC\Documents\FI\Semestre 8\Computacion Grafica\ProyectoFinal\316166496_ProyectoFinal_Gpo8\ProyectoFinal\ProyectoFinal\316166496_ProyectoFinal_Gpo8.cpp(785,41): warning C4305: 'argumento': truncamiento de 'double' a 'T'
          with
          [
              T=float
          ]
C:\Users\SPARTAN PC\Documents\FI\Semestre 8\Computacion Grafica\ProyectoFinal\316166496_ProyectoFinal_Gpo8\ProyectoFinal\ProyectoFinal\316166496_ProyectoFinal_Gpo8.cpp(796,42): warning C4305: 'argumento': truncamiento de 'double' a 'T'
          with
          [
              T=float
          ]
C:\Users\SPARTAN PC\Documents\FI\Semestre 8\Computacion Grafica\ProyectoFinal\316166496_ProyectoFinal_Gpo8\ProyectoFinal\ProyectoFinal\316166496_ProyectoFinal_Gpo8.cpp(1220,11): warning C4244: '=': conversión de 'double' a 'GLfloat'; posible pérdida de datos
C:\Users\SPARTAN PC\Documents\FI\Semestre 8\Computacion Grafica\ProyectoFinal\316166496_ProyectoFinal_Gpo8\ProyectoFinal\ProyectoFinal\316166496_ProyectoFinal_Gpo8.cpp(1221,11): warning C4244: '=': conversión de 'double' a 'GLfloat'; posible pérdida de datos
C:\Users\SPARTAN PC\Documents\FI\Semestre 8\Computacion Grafica\ProyectoFinal\316166496_ProyectoFinal_Gpo8\ProyectoFinal\ProyectoFinal\316166496_ProyectoFinal_Gpo8.cpp(1225,18): warning C4244: 'inicializando': conversión de 'double' a 'GLfloat'; posible pérdida de datos
C:\Users\SPARTAN PC\Documents\FI\Semestre 8\Computacion Grafica\ProyectoFinal\316166496_ProyectoFinal_Gpo8\ProyectoFinal\ProyectoFinal\316166496_ProyectoFinal_Gpo8.cpp(1226,18): warning C4244: 'inicializando': conversión de 'double' a 'GLfloat'; posible pérdida de datos
C:\Users\SPARTAN PC\Documents\FI\Semestre 8\Computacion Grafica\ProyectoFinal\316166496_ProyectoFinal_Gpo8\ProyectoFinal\ProyectoFinal\316166496_ProyectoFinal_Gpo8.cpp(1228,10): warning C4244: '=': conversión de 'double' a 'GLfloat'; posible pérdida de datos
C:\Users\SPARTAN PC\Documents\FI\Semestre 8\Computacion Grafica\ProyectoFinal\316166496_ProyectoFinal_Gpo8\ProyectoFinal\ProyectoFinal\316166496_ProyectoFinal_Gpo8.cpp(1229,10): warning C4244: '=': conversión de 'double' a 'GLfloat'; posible pérdida de datos
  ProyectoFinal.vcxproj -> C:\Users\SPARTAN PC\Documents\FI\Semestre 8\Computacion Grafica\ProyectoFinal\316166496_ProyectoFinal_Gpo8\ProyectoFinal\Debug\ProyectoFinal.exe
